<?xml version="1.0" encoding="UTF-8"?>
<!-- Generated by org.testng.reporters.JUnitReportReporter -->
<testsuite hostname="DESKTOP-AO1PF9J" failures="0" tests="1" name="com.dollardays.testcases.MywishlistTestcaseupdate" time="75.790" errors="0" timestamp="2021-01-11T23:50:34 MST" skipped="0">
  <testcase classname="com.dollardays.testcases.MywishlistTestcaseupdate" name="MywishlistTc" time="75.790"/>
  <system-out/>
</testsuite> <!-- com.dollardays.testcases.MywishlistTestcaseupdate -->
