<?xml version="1.0" encoding="UTF-8"?>
<!-- Generated by org.testng.reporters.JUnitReportReporter -->
<testsuite hostname="DESKTOP-AO1PF9J" failures="0" tests="1" name="com.dollardays.testcases.MywishlistupdateTestcase" time="92.798" errors="0" timestamp="2021-01-20T22:17:17 MST" skipped="0">
  <testcase classname="com.dollardays.testcases.MywishlistupdateTestcase" name="MywishlistTc" time="92.798"/>
  <system-out/>
</testsuite> <!-- com.dollardays.testcases.MywishlistupdateTestcase -->
